This file contains any messages produced by compilers while
running configure, to aid debugging if configure makes a mistake.

It was created by infiniswap daemon configure 0.1, which was
generated by GNU Autoconf 2.69.  Invocation command line was

  $ ./configure --enable-max_client=32 --enable-max_remote_memory=32 --enable-remote_memory_evict=8 --enable-remote_memory_expand=16 --enable-evict_hit_limit=1 --enable-expand_hit_limit=20 --enable-measured_free_mem_weight=0.7

## --------- ##
## Platform. ##
## --------- ##

hostname = node-1.infiniswap.cuadvnetfall2016-pg0.apt.emulab.net
uname -m = x86_64
uname -r = 4.4.0-142-generic
uname -s = Linux
uname -v = #168-Ubuntu SMP Wed Jan 16 21:00:45 UTC 2019

/usr/bin/uname -p = unknown
/bin/uname -X     = unknown

/bin/arch              = unknown
/usr/bin/arch -k       = unknown
/usr/convex/getsysinfo = unknown
/usr/bin/hostinfo      = unknown
/bin/machine           = unknown
/usr/bin/oslevel       = unknown
/bin/universe          = unknown

PATH: /users/goodsep/bin
PATH: /users/goodsep/.local/bin
PATH: /usr/local/sbin
PATH: /usr/local/bin
PATH: /usr/sbin
PATH: /usr/bin
PATH: /sbin
PATH: /bin
PATH: /usr/games
PATH: /usr/local/games


## ----------- ##
## Core tests. ##
## ----------- ##

configure:2285: checking for a BSD-compatible install
configure:2353: result: /usr/bin/install -c
configure:2364: checking whether build environment is sane
configure:2419: result: yes
configure:2570: checking for a thread-safe mkdir -p
configure:2609: result: /bin/mkdir -p
configure:2616: checking for gawk
configure:2632: found /usr/bin/gawk
configure:2643: result: gawk
configure:2654: checking whether make sets $(MAKE)
configure:2676: result: yes
configure:2705: checking whether make supports nested variables
configure:2722: result: yes
configure:3006: checking for gcc
configure:3022: found /usr/bin/gcc
configure:3033: result: gcc
configure:3262: checking for C compiler version
configure:3271: gcc --version >&5
gcc (Ubuntu 5.4.0-6ubuntu1~16.04.11) 5.4.0 20160609
Copyright (C) 2015 Free Software Foundation, Inc.
This is free software; see the source for copying conditions.  There is NO
warranty; not even for MERCHANTABILITY or FITNESS FOR A PARTICULAR PURPOSE.

configure:3282: $? = 0
configure:3271: gcc -v >&5
Using built-in specs.
COLLECT_GCC=gcc
COLLECT_LTO_WRAPPER=/usr/lib/gcc/x86_64-linux-gnu/5/lto-wrapper
Target: x86_64-linux-gnu
Configured with: ../src/configure -v --with-pkgversion='Ubuntu 5.4.0-6ubuntu1~16.04.11' --with-bugurl=file:///usr/share/doc/gcc-5/README.Bugs --enable-languages=c,ada,c++,java,go,d,fortran,objc,obj-c++ --prefix=/usr --program-suffix=-5 --enable-shared --enable-linker-build-id --libexecdir=/usr/lib --without-included-gettext --enable-threads=posix --libdir=/usr/lib --enable-nls --with-sysroot=/ --enable-clocale=gnu --enable-libstdcxx-debug --enable-libstdcxx-time=yes --with-default-libstdcxx-abi=new --enable-gnu-unique-object --disable-vtable-verify --enable-libmpx --enable-plugin --with-system-zlib --disable-browser-plugin --enable-java-awt=gtk --enable-gtk-cairo --with-java-home=/usr/lib/jvm/java-1.5.0-gcj-5-amd64/jre --enable-java-home --with-jvm-root-dir=/usr/lib/jvm/java-1.5.0-gcj-5-amd64 --with-jvm-jar-dir=/usr/lib/jvm-exports/java-1.5.0-gcj-5-amd64 --with-arch-directory=amd64 --with-ecj-jar=/usr/share/java/eclipse-ecj.jar --enable-objc-gc --enable-multiarch --disable-werror --with-arch-32=i686 --with-abi=m64 --with-multilib-list=m32,m64,mx32 --enable-multilib --with-tune=generic --enable-checking=release --build=x86_64-linux-gnu --host=x86_64-linux-gnu --target=x86_64-linux-gnu
Thread model: posix
gcc version 5.4.0 20160609 (Ubuntu 5.4.0-6ubuntu1~16.04.11) 
configure:3282: $? = 0
configure:3271: gcc -V >&5
gcc: error: unrecognized command line option '-V'
gcc: fatal error: no input files
compilation terminated.
configure:3282: $? = 1
configure:3271: gcc -qversion >&5
gcc: error: unrecognized command line option '-qversion'
gcc: fatal error: no input files
compilation terminated.
configure:3282: $? = 1
configure:3302: checking whether the C compiler works
configure:3324: gcc    conftest.c  >&5
configure:3328: $? = 0
configure:3376: result: yes
configure:3379: checking for C compiler default output file name
configure:3381: result: a.out
configure:3387: checking for suffix of executables
configure:3394: gcc -o conftest    conftest.c  >&5
configure:3398: $? = 0
configure:3420: result: 
configure:3442: checking whether we are cross compiling
configure:3450: gcc -o conftest    conftest.c  >&5
configure:3454: $? = 0
configure:3461: ./conftest
configure:3465: $? = 0
configure:3480: result: no
configure:3485: checking for suffix of object files
configure:3507: gcc -c   conftest.c >&5
configure:3511: $? = 0
configure:3532: result: o
configure:3536: checking whether we are using the GNU C compiler
configure:3555: gcc -c   conftest.c >&5
configure:3555: $? = 0
configure:3564: result: yes
configure:3573: checking whether gcc accepts -g
configure:3593: gcc -c -g  conftest.c >&5
configure:3593: $? = 0
configure:3634: result: yes
configure:3651: checking for gcc option to accept ISO C89
configure:3714: gcc  -c -g -O2  conftest.c >&5
configure:3714: $? = 0
configure:3727: result: none needed
configure:3752: checking whether gcc understands -c and -o together
configure:3774: gcc -c conftest.c -o conftest2.o
configure:3777: $? = 0
configure:3774: gcc -c conftest.c -o conftest2.o
configure:3777: $? = 0
configure:3789: result: yes
configure:3817: checking for style of include used by make
configure:3845: result: GNU
configure:3871: checking dependency style of gcc
configure:3982: result: gcc3
configure:4040: checking for ranlib
configure:4056: found /usr/bin/ranlib
configure:4067: result: ranlib
configure:4092: checking for ibv_get_device_list in -libverbs
configure:4117: gcc -o conftest -g -O2   conftest.c -libverbs   >&5
configure:4117: $? = 0
configure:4126: result: yes
configure:4139: checking for pthread_create in -lpthread
configure:4164: gcc -o conftest -g -O2   conftest.c -lpthread  -libverbs  >&5
configure:4164: $? = 0
configure:4173: result: yes
configure:4186: checking for rdma_create_event_channel in -lrdmacm
configure:4211: gcc -o conftest -g -O2   conftest.c -lrdmacm  -lpthread -libverbs  >&5
configure:4211: $? = 0
configure:4220: result: yes
configure:4240: checking how to run the C preprocessor
configure:4271: gcc -E  conftest.c
configure:4271: $? = 0
configure:4285: gcc -E  conftest.c
conftest.c:21:28: fatal error: ac_nonexistent.h: No such file or directory
compilation terminated.
configure:4285: $? = 1
configure: failed program was:
| /* confdefs.h */
| #define PACKAGE_NAME "infiniswap daemon"
| #define PACKAGE_TARNAME "infiniswap-daemon"
| #define PACKAGE_VERSION "0.1"
| #define PACKAGE_STRING "infiniswap daemon 0.1"
| #define PACKAGE_BUGREPORT "infiniswap@umich.edu"
| #define PACKAGE_URL "https://github.com/SymbioticLab/infiniswap"
| #define PACKAGE "infiniswap-daemon"
| #define VERSION "0.1"
| #define USER_MAX_CLIENT 32
| #define USER_MAX_REMOTE_MEMORY 32
| #define USER_REMOTE_MEMORY_EVICT 8
| #define USER_EVICT_HIT_LIMIT 1
| #define USER_REMOTE_MEMORY_EXPAND 16
| #define USER_EXPAND_HIT_LIMIT 20
| #define USER_MEASURED_FREE_MEM_WEIGHT 0.7
| #define HAVE_LIBIBVERBS 1
| #define HAVE_LIBPTHREAD 1
| #define HAVE_LIBRDMACM 1
| /* end confdefs.h.  */
| #include <ac_nonexistent.h>
configure:4310: result: gcc -E
configure:4330: gcc -E  conftest.c
configure:4330: $? = 0
configure:4344: gcc -E  conftest.c
conftest.c:21:28: fatal error: ac_nonexistent.h: No such file or directory
compilation terminated.
configure:4344: $? = 1
configure: failed program was:
| /* confdefs.h */
| #define PACKAGE_NAME "infiniswap daemon"
| #define PACKAGE_TARNAME "infiniswap-daemon"
| #define PACKAGE_VERSION "0.1"
| #define PACKAGE_STRING "infiniswap daemon 0.1"
| #define PACKAGE_BUGREPORT "infiniswap@umich.edu"
| #define PACKAGE_URL "https://github.com/SymbioticLab/infiniswap"
| #define PACKAGE "infiniswap-daemon"
| #define VERSION "0.1"
| #define USER_MAX_CLIENT 32
| #define USER_MAX_REMOTE_MEMORY 32
| #define USER_REMOTE_MEMORY_EVICT 8
| #define USER_EVICT_HIT_LIMIT 1
| #define USER_REMOTE_MEMORY_EXPAND 16
| #define USER_EXPAND_HIT_LIMIT 20
| #define USER_MEASURED_FREE_MEM_WEIGHT 0.7
| #define HAVE_LIBIBVERBS 1
| #define HAVE_LIBPTHREAD 1
| #define HAVE_LIBRDMACM 1
| /* end confdefs.h.  */
| #include <ac_nonexistent.h>
configure:4373: checking for grep that handles long lines and -e
configure:4431: result: /bin/grep
configure:4436: checking for egrep
configure:4498: result: /bin/grep -E
configure:4503: checking for ANSI C header files
configure:4523: gcc -c -g -O2  conftest.c >&5
configure:4523: $? = 0
configure:4596: gcc -o conftest -g -O2   conftest.c -lrdmacm -lpthread -libverbs  >&5
configure:4596: $? = 0
configure:4596: ./conftest
configure:4596: $? = 0
configure:4607: result: yes
configure:4620: checking for sys/types.h
configure:4620: gcc -c -g -O2  conftest.c >&5
configure:4620: $? = 0
configure:4620: result: yes
configure:4620: checking for sys/stat.h
configure:4620: gcc -c -g -O2  conftest.c >&5
configure:4620: $? = 0
configure:4620: result: yes
configure:4620: checking for stdlib.h
configure:4620: gcc -c -g -O2  conftest.c >&5
configure:4620: $? = 0
configure:4620: result: yes
configure:4620: checking for string.h
configure:4620: gcc -c -g -O2  conftest.c >&5
configure:4620: $? = 0
configure:4620: result: yes
configure:4620: checking for memory.h
configure:4620: gcc -c -g -O2  conftest.c >&5
configure:4620: $? = 0
configure:4620: result: yes
configure:4620: checking for strings.h
configure:4620: gcc -c -g -O2  conftest.c >&5
configure:4620: $? = 0
configure:4620: result: yes
configure:4620: checking for inttypes.h
configure:4620: gcc -c -g -O2  conftest.c >&5
configure:4620: $? = 0
configure:4620: result: yes
configure:4620: checking for stdint.h
configure:4620: gcc -c -g -O2  conftest.c >&5
configure:4620: $? = 0
configure:4620: result: yes
configure:4620: checking for unistd.h
configure:4620: gcc -c -g -O2  conftest.c >&5
configure:4620: $? = 0
configure:4620: result: yes
configure:4635: checking arpa/inet.h usability
configure:4635: gcc -c -g -O2  conftest.c >&5
configure:4635: $? = 0
configure:4635: result: yes
configure:4635: checking arpa/inet.h presence
configure:4635: gcc -E  conftest.c
configure:4635: $? = 0
configure:4635: result: yes
configure:4635: checking for arpa/inet.h
configure:4635: result: yes
configure:4635: checking netdb.h usability
configure:4635: gcc -c -g -O2  conftest.c >&5
configure:4635: $? = 0
configure:4635: result: yes
configure:4635: checking netdb.h presence
configure:4635: gcc -E  conftest.c
configure:4635: $? = 0
configure:4635: result: yes
configure:4635: checking for netdb.h
configure:4635: result: yes
configure:4635: checking netinet/in.h usability
configure:4635: gcc -c -g -O2  conftest.c >&5
configure:4635: $? = 0
configure:4635: result: yes
configure:4635: checking netinet/in.h presence
configure:4635: gcc -E  conftest.c
configure:4635: $? = 0
configure:4635: result: yes
configure:4635: checking for netinet/in.h
configure:4635: result: yes
configure:4635: checking for stdlib.h
configure:4635: result: yes
configure:4635: checking for string.h
configure:4635: result: yes
configure:4635: checking for unistd.h
configure:4635: result: yes
configure:4647: checking infiniband/verbs.h usability
configure:4647: gcc -c -g -O2  conftest.c >&5
configure:4647: $? = 0
configure:4647: result: yes
configure:4647: checking infiniband/verbs.h presence
configure:4647: gcc -E  conftest.c
configure:4647: $? = 0
configure:4647: result: yes
configure:4647: checking for infiniband/verbs.h
configure:4647: result: yes
configure:4661: checking for uint16_t
configure:4661: gcc -c -g -O2  conftest.c >&5
configure:4661: $? = 0
configure:4661: result: yes
configure:4673: checking for uint32_t
configure:4673: gcc -c -g -O2  conftest.c >&5
configure:4673: $? = 0
configure:4673: result: yes
configure:4687: checking for uint64_t
configure:4687: gcc -c -g -O2  conftest.c >&5
configure:4687: $? = 0
configure:4687: result: yes
configure:4705: checking for stdlib.h
configure:4705: result: yes
configure:4715: checking for GNU libc compatible malloc
configure:4739: gcc -o conftest -g -O2   conftest.c -lrdmacm -lpthread -libverbs  >&5
configure:4739: $? = 0
configure:4739: ./conftest
configure:4739: $? = 0
configure:4749: result: yes
configure:4772: checking for memset
configure:4772: gcc -o conftest -g -O2   conftest.c -lrdmacm -lpthread -libverbs  >&5
conftest.c:63:6: warning: conflicting types for built-in function 'memset'
 char memset ();
      ^
configure:4772: $? = 0
configure:4772: result: yes
configure:4894: checking that generated files are newer than configure
configure:4900: result: done
configure:4923: creating ./config.status

## ---------------------- ##
## Running config.status. ##
## ---------------------- ##

This file was extended by infiniswap daemon config.status 0.1, which was
generated by GNU Autoconf 2.69.  Invocation command line was

  CONFIG_FILES    = 
  CONFIG_HEADERS  = 
  CONFIG_LINKS    = 
  CONFIG_COMMANDS = 
  $ ./config.status 

on node-1.infiniswap.cuadvnetfall2016-pg0.apt.emulab.net

config.status:875: creating Makefile
config.status:875: creating config.h
config.status:1056: config.h is unchanged
config.status:1104: executing depfiles commands

## ---------------- ##
## Cache variables. ##
## ---------------- ##

ac_cv_c_compiler_gnu=yes
ac_cv_c_uint16_t=yes
ac_cv_c_uint32_t=yes
ac_cv_c_uint64_t=yes
ac_cv_env_CC_set=
ac_cv_env_CC_value=
ac_cv_env_CFLAGS_set=
ac_cv_env_CFLAGS_value=
ac_cv_env_CPPFLAGS_set=
ac_cv_env_CPPFLAGS_value=
ac_cv_env_CPP_set=
ac_cv_env_CPP_value=
ac_cv_env_LDFLAGS_set=
ac_cv_env_LDFLAGS_value=
ac_cv_env_LIBS_set=
ac_cv_env_LIBS_value=
ac_cv_env_build_alias_set=
ac_cv_env_build_alias_value=
ac_cv_env_host_alias_set=
ac_cv_env_host_alias_value=
ac_cv_env_target_alias_set=
ac_cv_env_target_alias_value=
ac_cv_func_malloc_0_nonnull=yes
ac_cv_func_memset=yes
ac_cv_header_arpa_inet_h=yes
ac_cv_header_infiniband_verbs_h=yes
ac_cv_header_inttypes_h=yes
ac_cv_header_memory_h=yes
ac_cv_header_netdb_h=yes
ac_cv_header_netinet_in_h=yes
ac_cv_header_stdc=yes
ac_cv_header_stdint_h=yes
ac_cv_header_stdlib_h=yes
ac_cv_header_string_h=yes
ac_cv_header_strings_h=yes
ac_cv_header_sys_stat_h=yes
ac_cv_header_sys_types_h=yes
ac_cv_header_unistd_h=yes
ac_cv_lib_ibverbs_ibv_get_device_list=yes
ac_cv_lib_pthread_pthread_create=yes
ac_cv_lib_rdmacm_rdma_create_event_channel=yes
ac_cv_objext=o
ac_cv_path_EGREP='/bin/grep -E'
ac_cv_path_GREP=/bin/grep
ac_cv_path_install='/usr/bin/install -c'
ac_cv_path_mkdir=/bin/mkdir
ac_cv_prog_AWK=gawk
ac_cv_prog_CPP='gcc -E'
ac_cv_prog_ac_ct_CC=gcc
ac_cv_prog_ac_ct_RANLIB=ranlib
ac_cv_prog_cc_c89=
ac_cv_prog_cc_g=yes
ac_cv_prog_make_make_set=yes
am_cv_CC_dependencies_compiler_type=gcc3
am_cv_make_support_nested_variables=yes
am_cv_prog_cc_c_o=yes

## ----------------- ##
## Output variables. ##
## ----------------- ##

ACLOCAL='${SHELL} /users/goodsep/infiniswap/infiniswap_daemon/missing aclocal-1.15'
AMDEPBACKSLASH='\'
AMDEP_FALSE='#'
AMDEP_TRUE=''
AMTAR='$${TAR-tar}'
AM_BACKSLASH='\'
AM_DEFAULT_V='$(AM_DEFAULT_VERBOSITY)'
AM_DEFAULT_VERBOSITY='1'
AM_V='$(V)'
AUTOCONF='${SHELL} /users/goodsep/infiniswap/infiniswap_daemon/missing autoconf'
AUTOHEADER='${SHELL} /users/goodsep/infiniswap/infiniswap_daemon/missing autoheader'
AUTOMAKE='${SHELL} /users/goodsep/infiniswap/infiniswap_daemon/missing automake-1.15'
AWK='gawk'
CC='gcc'
CCDEPMODE='depmode=gcc3'
CFLAGS='-Wall -Werror -g'
CPP='gcc -E'
CPPFLAGS=''
CYGPATH_W='echo'
DEFS='-DHAVE_CONFIG_H'
DEPDIR='.deps'
ECHO_C=''
ECHO_N='-n'
ECHO_T=''
EGREP='/bin/grep -E'
EXEEXT=''
GREP='/bin/grep'
INSTALL_DATA='${INSTALL} -m 644'
INSTALL_PROGRAM='${INSTALL}'
INSTALL_SCRIPT='${INSTALL}'
INSTALL_STRIP_PROGRAM='$(install_sh) -c -s'
LDFLAGS=''
LIBOBJS=''
LIBS='-lrdmacm -lpthread -libverbs '
LTLIBOBJS=''
MAKEINFO='${SHELL} /users/goodsep/infiniswap/infiniswap_daemon/missing makeinfo'
MKDIR_P='/bin/mkdir -p'
OBJEXT='o'
PACKAGE='infiniswap-daemon'
PACKAGE_BUGREPORT='infiniswap@umich.edu'
PACKAGE_NAME='infiniswap daemon'
PACKAGE_STRING='infiniswap daemon 0.1'
PACKAGE_TARNAME='infiniswap-daemon'
PACKAGE_URL='https://github.com/SymbioticLab/infiniswap'
PACKAGE_VERSION='0.1'
PATH_SEPARATOR=':'
RANLIB='ranlib'
SET_MAKE=''
SHELL='/bin/bash'
STRIP=''
VERSION='0.1'
ac_ct_CC='gcc'
am__EXEEXT_FALSE=''
am__EXEEXT_TRUE='#'
am__fastdepCC_FALSE='#'
am__fastdepCC_TRUE=''
am__include='include'
am__isrc=''
am__leading_dot='.'
am__nodep='_no'
am__quote=''
am__tar='$${TAR-tar} chof - "$$tardir"'
am__untar='$${TAR-tar} xf -'
bindir='${exec_prefix}/bin'
build_alias=''
datadir='${datarootdir}'
datarootdir='${prefix}/share'
docdir='${datarootdir}/doc/${PACKAGE_TARNAME}'
dvidir='${docdir}'
exec_prefix='${prefix}'
host_alias=''
htmldir='${docdir}'
includedir='${prefix}/include'
infodir='${datarootdir}/info'
install_sh='${SHELL} /users/goodsep/infiniswap/infiniswap_daemon/install-sh'
libdir='${exec_prefix}/lib'
libexecdir='${exec_prefix}/libexec'
localedir='${datarootdir}/locale'
localstatedir='${prefix}/var'
mandir='${datarootdir}/man'
mkdir_p='$(MKDIR_P)'
oldincludedir='/usr/include'
pdfdir='${docdir}'
prefix='/usr/local'
program_transform_name='s,x,x,'
psdir='${docdir}'
runstatedir='${localstatedir}/run'
sbindir='${exec_prefix}/sbin'
sharedstatedir='${prefix}/com'
sysconfdir='${prefix}/etc'
target_alias=''

## ----------- ##
## confdefs.h. ##
## ----------- ##

/* confdefs.h */
#define PACKAGE_NAME "infiniswap daemon"
#define PACKAGE_TARNAME "infiniswap-daemon"
#define PACKAGE_VERSION "0.1"
#define PACKAGE_STRING "infiniswap daemon 0.1"
#define PACKAGE_BUGREPORT "infiniswap@umich.edu"
#define PACKAGE_URL "https://github.com/SymbioticLab/infiniswap"
#define PACKAGE "infiniswap-daemon"
#define VERSION "0.1"
#define USER_MAX_CLIENT 32
#define USER_MAX_REMOTE_MEMORY 32
#define USER_REMOTE_MEMORY_EVICT 8
#define USER_EVICT_HIT_LIMIT 1
#define USER_REMOTE_MEMORY_EXPAND 16
#define USER_EXPAND_HIT_LIMIT 20
#define USER_MEASURED_FREE_MEM_WEIGHT 0.7
#define HAVE_LIBIBVERBS 1
#define HAVE_LIBPTHREAD 1
#define HAVE_LIBRDMACM 1
#define STDC_HEADERS 1
#define HAVE_SYS_TYPES_H 1
#define HAVE_SYS_STAT_H 1
#define HAVE_STDLIB_H 1
#define HAVE_STRING_H 1
#define HAVE_MEMORY_H 1
#define HAVE_STRINGS_H 1
#define HAVE_INTTYPES_H 1
#define HAVE_STDINT_H 1
#define HAVE_UNISTD_H 1
#define HAVE_ARPA_INET_H 1
#define HAVE_NETDB_H 1
#define HAVE_NETINET_IN_H 1
#define HAVE_STDLIB_H 1
#define HAVE_STRING_H 1
#define HAVE_UNISTD_H 1
#define HAVE_INFINIBAND_VERBS_H 1
#define HAVE_STDLIB_H 1
#define HAVE_MALLOC 1
#define HAVE_MEMSET 1

configure: exit 0
